<?xml version="1.0" encoding="UTF-8"?>
<testsuite xmlns:xsi="http://www.w3.org/2001/XMLSchema-instance" xsi:noNamespaceSchemaLocation="https://maven.apache.org/surefire/maven-surefire-plugin/xsd/surefire-test-report.xsd" name="com.ht.springboot_vue.SpringbootVueApplicationTests" time="4.374" tests="1" errors="0" skipped="0" failures="0">
  <properties>
    <property name="sun.desktop" value="windows"/>
    <property name="awt.toolkit" value="sun.awt.windows.WToolkit"/>
    <property name="file.encoding.pkg" value="sun.io"/>
    <property name="java.specification.version" value="1.8"/>
    <property name="sun.cpu.isalist" value="amd64"/>
    <property name="sun.jnu.encoding" value="GBK"/>
    <property name="java.class.path" value="D:\School\springboot2.0\springboot_vue\target\test-classes;D:\School\springboot2.0\springboot_vue\target\classes;E:\apache-maven-3.6.0\maven\repo\org\springframework\boot\spring-boot-starter-thymeleaf\2.1.3.RELEASE\spring-boot-starter-thymeleaf-2.1.3.RELEASE.jar;E:\apache-maven-3.6.0\maven\repo\org\springframework\boot\spring-boot-starter\2.1.3.RELEASE\spring-boot-starter-2.1.3.RELEASE.jar;E:\apache-maven-3.6.0\maven\repo\org\springframework\boot\spring-boot-starter-logging\2.1.3.RELEASE\spring-boot-starter-logging-2.1.3.RELEASE.jar;E:\apache-maven-3.6.0\maven\repo\ch\qos\logback\logback-classic\1.2.3\logback-classic-1.2.3.jar;E:\apache-maven-3.6.0\maven\repo\ch\qos\logback\logback-core\1.2.3\logback-core-1.2.3.jar;E:\apache-maven-3.6.0\maven\repo\org\apache\logging\log4j\log4j-to-slf4j\2.11.2\log4j-to-slf4j-2.11.2.jar;E:\apache-maven-3.6.0\maven\repo\org\apache\logging\log4j\log4j-api\2.11.2\log4j-api-2.11.2.jar;E:\apache-maven-3.6.0\maven\repo\javax\annotation\javax.annotation-api\1.3.2\javax.annotation-api-1.3.2.jar;E:\apache-maven-3.6.0\maven\repo\org\yaml\snakeyaml\1.23\snakeyaml-1.23.jar;E:\apache-maven-3.6.0\maven\repo\org\thymeleaf\thymeleaf-spring5\3.0.11.RELEASE\thymeleaf-spring5-3.0.11.RELEASE.jar;E:\apache-maven-3.6.0\maven\repo\org\thymeleaf\thymeleaf\3.0.11.RELEASE\thymeleaf-3.0.11.RELEASE.jar;E:\apache-maven-3.6.0\maven\repo\org\attoparser\attoparser\2.0.5.RELEASE\attoparser-2.0.5.RELEASE.jar;E:\apache-maven-3.6.0\maven\repo\org\unbescape\unbescape\1.1.6.RELEASE\unbescape-1.1.6.RELEASE.jar;E:\apache-maven-3.6.0\maven\repo\org\slf4j\slf4j-api\1.7.25\slf4j-api-1.7.25.jar;E:\apache-maven-3.6.0\maven\repo\org\thymeleaf\extras\thymeleaf-extras-java8time\3.0.3.RELEASE\thymeleaf-extras-java8time-3.0.3.RELEASE.jar;E:\apache-maven-3.6.0\maven\repo\org\springframework\boot\spring-boot-starter-web\2.1.3.RELEASE\spring-boot-starter-web-2.1.3.RELEASE.jar;E:\apache-maven-3.6.0\maven\repo\org\springframework\boot\spring-boot-starter-json\2.1.3.RELEASE\spring-boot-starter-json-2.1.3.RELEASE.jar;E:\apache-maven-3.6.0\maven\repo\com\fasterxml\jackson\core\jackson-databind\2.9.8\jackson-databind-2.9.8.jar;E:\apache-maven-3.6.0\maven\repo\com\fasterxml\jackson\core\jackson-annotations\2.9.0\jackson-annotations-2.9.0.jar;E:\apache-maven-3.6.0\maven\repo\com\fasterxml\jackson\core\jackson-core\2.9.8\jackson-core-2.9.8.jar;E:\apache-maven-3.6.0\maven\repo\com\fasterxml\jackson\datatype\jackson-datatype-jdk8\2.9.8\jackson-datatype-jdk8-2.9.8.jar;E:\apache-maven-3.6.0\maven\repo\com\fasterxml\jackson\datatype\jackson-datatype-jsr310\2.9.8\jackson-datatype-jsr310-2.9.8.jar;E:\apache-maven-3.6.0\maven\repo\com\fasterxml\jackson\module\jackson-module-parameter-names\2.9.8\jackson-module-parameter-names-2.9.8.jar;E:\apache-maven-3.6.0\maven\repo\org\springframework\boot\spring-boot-starter-tomcat\2.1.3.RELEASE\spring-boot-starter-tomcat-2.1.3.RELEASE.jar;E:\apache-maven-3.6.0\maven\repo\org\apache\tomcat\embed\tomcat-embed-websocket\9.0.16\tomcat-embed-websocket-9.0.16.jar;E:\apache-maven-3.6.0\maven\repo\org\hibernate\validator\hibernate-validator\6.0.14.Final\hibernate-validator-6.0.14.Final.jar;E:\apache-maven-3.6.0\maven\repo\javax\validation\validation-api\2.0.1.Final\validation-api-2.0.1.Final.jar;E:\apache-maven-3.6.0\maven\repo\org\jboss\logging\jboss-logging\3.3.2.Final\jboss-logging-3.3.2.Final.jar;E:\apache-maven-3.6.0\maven\repo\com\fasterxml\classmate\1.4.0\classmate-1.4.0.jar;E:\apache-maven-3.6.0\maven\repo\org\springframework\spring-web\5.1.5.RELEASE\spring-web-5.1.5.RELEASE.jar;E:\apache-maven-3.6.0\maven\repo\org\springframework\spring-beans\5.1.5.RELEASE\spring-beans-5.1.5.RELEASE.jar;E:\apache-maven-3.6.0\maven\repo\org\springframework\spring-webmvc\5.1.5.RELEASE\spring-webmvc-5.1.5.RELEASE.jar;E:\apache-maven-3.6.0\maven\repo\org\springframework\spring-aop\5.1.5.RELEASE\spring-aop-5.1.5.RELEASE.jar;E:\apache-maven-3.6.0\maven\repo\org\springframework\spring-context\5.1.5.RELEASE\spring-context-5.1.5.RELEASE.jar;E:\apache-maven-3.6.0\maven\repo\org\springframework\spring-expression\5.1.5.RELEASE\spring-expression-5.1.5.RELEASE.jar;E:\apache-maven-3.6.0\maven\repo\org\mybatis\spring\boot\mybatis-spring-boot-starter\1.1.1\mybatis-spring-boot-starter-1.1.1.jar;E:\apache-maven-3.6.0\maven\repo\org\mybatis\spring\boot\mybatis-spring-boot-autoconfigure\1.1.1\mybatis-spring-boot-autoconfigure-1.1.1.jar;E:\apache-maven-3.6.0\maven\repo\org\mybatis\mybatis\3.4.0\mybatis-3.4.0.jar;E:\apache-maven-3.6.0\maven\repo\org\mybatis\mybatis-spring\1.3.0\mybatis-spring-1.3.0.jar;E:\apache-maven-3.6.0\maven\repo\org\springframework\boot\spring-boot-starter-jdbc\2.1.3.RELEASE\spring-boot-starter-jdbc-2.1.3.RELEASE.jar;E:\apache-maven-3.6.0\maven\repo\com\zaxxer\HikariCP\3.2.0\HikariCP-3.2.0.jar;E:\apache-maven-3.6.0\maven\repo\org\springframework\spring-jdbc\5.1.5.RELEASE\spring-jdbc-5.1.5.RELEASE.jar;E:\apache-maven-3.6.0\maven\repo\org\springframework\spring-tx\5.1.5.RELEASE\spring-tx-5.1.5.RELEASE.jar;E:\apache-maven-3.6.0\maven\repo\mysql\mysql-connector-java\5.1.47\mysql-connector-java-5.1.47.jar;E:\apache-maven-3.6.0\maven\repo\org\springframework\boot\spring-boot-starter-test\2.1.3.RELEASE\spring-boot-starter-test-2.1.3.RELEASE.jar;E:\apache-maven-3.6.0\maven\repo\org\springframework\boot\spring-boot-test\2.1.3.RELEASE\spring-boot-test-2.1.3.RELEASE.jar;E:\apache-maven-3.6.0\maven\repo\org\springframework\boot\spring-boot-test-autoconfigure\2.1.3.RELEASE\spring-boot-test-autoconfigure-2.1.3.RELEASE.jar;E:\apache-maven-3.6.0\maven\repo\com\jayway\jsonpath\json-path\2.4.0\json-path-2.4.0.jar;E:\apache-maven-3.6.0\maven\repo\net\minidev\json-smart\2.3\json-smart-2.3.jar;E:\apache-maven-3.6.0\maven\repo\net\minidev\accessors-smart\1.2\accessors-smart-1.2.jar;E:\apache-maven-3.6.0\maven\repo\org\ow2\asm\asm\5.0.4\asm-5.0.4.jar;E:\apache-maven-3.6.0\maven\repo\junit\junit\4.12\junit-4.12.jar;E:\apache-maven-3.6.0\maven\repo\org\assertj\assertj-core\3.11.1\assertj-core-3.11.1.jar;E:\apache-maven-3.6.0\maven\repo\org\mockito\mockito-core\2.23.4\mockito-core-2.23.4.jar;E:\apache-maven-3.6.0\maven\repo\net\bytebuddy\byte-buddy\1.9.10\byte-buddy-1.9.10.jar;E:\apache-maven-3.6.0\maven\repo\net\bytebuddy\byte-buddy-agent\1.9.10\byte-buddy-agent-1.9.10.jar;E:\apache-maven-3.6.0\maven\repo\org\objenesis\objenesis\2.6\objenesis-2.6.jar;E:\apache-maven-3.6.0\maven\repo\org\hamcrest\hamcrest-core\1.3\hamcrest-core-1.3.jar;E:\apache-maven-3.6.0\maven\repo\org\hamcrest\hamcrest-library\1.3\hamcrest-library-1.3.jar;E:\apache-maven-3.6.0\maven\repo\org\skyscreamer\jsonassert\1.5.0\jsonassert-1.5.0.jar;E:\apache-maven-3.6.0\maven\repo\com\vaadin\external\google\android-json\0.0.20131108.vaadin1\android-json-0.0.20131108.vaadin1.jar;E:\apache-maven-3.6.0\maven\repo\org\springframework\spring-core\5.1.5.RELEASE\spring-core-5.1.5.RELEASE.jar;E:\apache-maven-3.6.0\maven\repo\org\springframework\spring-jcl\5.1.5.RELEASE\spring-jcl-5.1.5.RELEASE.jar;E:\apache-maven-3.6.0\maven\repo\org\springframework\spring-test\5.1.5.RELEASE\spring-test-5.1.5.RELEASE.jar;E:\apache-maven-3.6.0\maven\repo\org\xmlunit\xmlunit-core\2.6.2\xmlunit-core-2.6.2.jar;E:\apache-maven-3.6.0\maven\repo\org\springframework\boot\spring-boot-starter-log4j\1.3.8.RELEASE\spring-boot-starter-log4j-1.3.8.RELEASE.jar;E:\apache-maven-3.6.0\maven\repo\org\slf4j\jcl-over-slf4j\1.7.25\jcl-over-slf4j-1.7.25.jar;E:\apache-maven-3.6.0\maven\repo\org\slf4j\jul-to-slf4j\1.7.25\jul-to-slf4j-1.7.25.jar;E:\apache-maven-3.6.0\maven\repo\org\slf4j\slf4j-log4j12\1.7.25\slf4j-log4j12-1.7.25.jar;E:\apache-maven-3.6.0\maven\repo\log4j\log4j\1.2.17\log4j-1.2.17.jar;E:\apache-maven-3.6.0\maven\repo\com\alibaba\fastjson\1.1.41\fastjson-1.1.41.jar;E:\apache-maven-3.6.0\maven\repo\org\apache\tomcat\embed\tomcat-embed-jasper\9.0.16\tomcat-embed-jasper-9.0.16.jar;E:\apache-maven-3.6.0\maven\repo\org\apache\tomcat\embed\tomcat-embed-core\9.0.16\tomcat-embed-core-9.0.16.jar;E:\apache-maven-3.6.0\maven\repo\org\apache\tomcat\tomcat-annotations-api\9.0.16\tomcat-annotations-api-9.0.16.jar;E:\apache-maven-3.6.0\maven\repo\org\apache\tomcat\embed\tomcat-embed-el\9.0.16\tomcat-embed-el-9.0.16.jar;E:\apache-maven-3.6.0\maven\repo\org\eclipse\jdt\ecj\3.15.0\ecj-3.15.0.jar;E:\apache-maven-3.6.0\maven\repo\javax\servlet\jstl\1.2\jstl-1.2.jar;E:\apache-maven-3.6.0\maven\repo\com\alibaba\druid\1.0.25\druid-1.0.25.jar;C:\Program Files\Java\jdk1.8.0_131\jre\..\lib\jconsole.jar;C:\Program Files\Java\jdk1.8.0_131\jre\..\lib\tools.jar;E:\apache-maven-3.6.0\maven\repo\org\projectlombok\lombok\1.18.6\lombok-1.18.6.jar;E:\apache-maven-3.6.0\maven\repo\org\springframework\boot\spring-boot-devtools\2.1.3.RELEASE\spring-boot-devtools-2.1.3.RELEASE.jar;E:\apache-maven-3.6.0\maven\repo\org\springframework\boot\spring-boot\2.1.3.RELEASE\spring-boot-2.1.3.RELEASE.jar;E:\apache-maven-3.6.0\maven\repo\org\springframework\boot\spring-boot-autoconfigure\2.1.3.RELEASE\spring-boot-autoconfigure-2.1.3.RELEASE.jar;"/>
    <property name="java.vm.vendor" value="Oracle Corporation"/>
    <property name="sun.arch.data.model" value="64"/>
    <property name="user.variant" value=""/>
    <property name="java.vendor.url" value="http://java.oracle.com/"/>
    <property name="user.timezone" value="Asia/Shanghai"/>
    <property name="java.vm.specification.version" value="1.8"/>
    <property name="os.name" value="Windows 10"/>
    <property name="user.country" value="CN"/>
    <property name="sun.java.launcher" value="SUN_STANDARD"/>
    <property name="sun.boot.library.path" value="C:\Program Files\Java\jdk1.8.0_131\jre\bin"/>
    <property name="sun.java.command" value="C:\Users\john\AppData\Local\Temp\surefire9076908215865052262\surefirebooter7429553638005894681.jar C:\Users\john\AppData\Local\Temp\surefire9076908215865052262 2019-03-21T11-57-12_687-jvmRun1 surefire3980440922492814749tmp surefire_08209089975026361341tmp"/>
    <property name="surefire.test.class.path" value="D:\School\springboot2.0\springboot_vue\target\test-classes;D:\School\springboot2.0\springboot_vue\target\classes;E:\apache-maven-3.6.0\maven\repo\org\springframework\boot\spring-boot-starter-thymeleaf\2.1.3.RELEASE\spring-boot-starter-thymeleaf-2.1.3.RELEASE.jar;E:\apache-maven-3.6.0\maven\repo\org\springframework\boot\spring-boot-starter\2.1.3.RELEASE\spring-boot-starter-2.1.3.RELEASE.jar;E:\apache-maven-3.6.0\maven\repo\org\springframework\boot\spring-boot-starter-logging\2.1.3.RELEASE\spring-boot-starter-logging-2.1.3.RELEASE.jar;E:\apache-maven-3.6.0\maven\repo\ch\qos\logback\logback-classic\1.2.3\logback-classic-1.2.3.jar;E:\apache-maven-3.6.0\maven\repo\ch\qos\logback\logback-core\1.2.3\logback-core-1.2.3.jar;E:\apache-maven-3.6.0\maven\repo\org\apache\logging\log4j\log4j-to-slf4j\2.11.2\log4j-to-slf4j-2.11.2.jar;E:\apache-maven-3.6.0\maven\repo\org\apache\logging\log4j\log4j-api\2.11.2\log4j-api-2.11.2.jar;E:\apache-maven-3.6.0\maven\repo\javax\annotation\javax.annotation-api\1.3.2\javax.annotation-api-1.3.2.jar;E:\apache-maven-3.6.0\maven\repo\org\yaml\snakeyaml\1.23\snakeyaml-1.23.jar;E:\apache-maven-3.6.0\maven\repo\org\thymeleaf\thymeleaf-spring5\3.0.11.RELEASE\thymeleaf-spring5-3.0.11.RELEASE.jar;E:\apache-maven-3.6.0\maven\repo\org\thymeleaf\thymeleaf\3.0.11.RELEASE\thymeleaf-3.0.11.RELEASE.jar;E:\apache-maven-3.6.0\maven\repo\org\attoparser\attoparser\2.0.5.RELEASE\attoparser-2.0.5.RELEASE.jar;E:\apache-maven-3.6.0\maven\repo\org\unbescape\unbescape\1.1.6.RELEASE\unbescape-1.1.6.RELEASE.jar;E:\apache-maven-3.6.0\maven\repo\org\slf4j\slf4j-api\1.7.25\slf4j-api-1.7.25.jar;E:\apache-maven-3.6.0\maven\repo\org\thymeleaf\extras\thymeleaf-extras-java8time\3.0.3.RELEASE\thymeleaf-extras-java8time-3.0.3.RELEASE.jar;E:\apache-maven-3.6.0\maven\repo\org\springframework\boot\spring-boot-starter-web\2.1.3.RELEASE\spring-boot-starter-web-2.1.3.RELEASE.jar;E:\apache-maven-3.6.0\maven\repo\org\springframework\boot\spring-boot-starter-json\2.1.3.RELEASE\spring-boot-starter-json-2.1.3.RELEASE.jar;E:\apache-maven-3.6.0\maven\repo\com\fasterxml\jackson\core\jackson-databind\2.9.8\jackson-databind-2.9.8.jar;E:\apache-maven-3.6.0\maven\repo\com\fasterxml\jackson\core\jackson-annotations\2.9.0\jackson-annotations-2.9.0.jar;E:\apache-maven-3.6.0\maven\repo\com\fasterxml\jackson\core\jackson-core\2.9.8\jackson-core-2.9.8.jar;E:\apache-maven-3.6.0\maven\repo\com\fasterxml\jackson\datatype\jackson-datatype-jdk8\2.9.8\jackson-datatype-jdk8-2.9.8.jar;E:\apache-maven-3.6.0\maven\repo\com\fasterxml\jackson\datatype\jackson-datatype-jsr310\2.9.8\jackson-datatype-jsr310-2.9.8.jar;E:\apache-maven-3.6.0\maven\repo\com\fasterxml\jackson\module\jackson-module-parameter-names\2.9.8\jackson-module-parameter-names-2.9.8.jar;E:\apache-maven-3.6.0\maven\repo\org\springframework\boot\spring-boot-starter-tomcat\2.1.3.RELEASE\spring-boot-starter-tomcat-2.1.3.RELEASE.jar;E:\apache-maven-3.6.0\maven\repo\org\apache\tomcat\embed\tomcat-embed-websocket\9.0.16\tomcat-embed-websocket-9.0.16.jar;E:\apache-maven-3.6.0\maven\repo\org\hibernate\validator\hibernate-validator\6.0.14.Final\hibernate-validator-6.0.14.Final.jar;E:\apache-maven-3.6.0\maven\repo\javax\validation\validation-api\2.0.1.Final\validation-api-2.0.1.Final.jar;E:\apache-maven-3.6.0\maven\repo\org\jboss\logging\jboss-logging\3.3.2.Final\jboss-logging-3.3.2.Final.jar;E:\apache-maven-3.6.0\maven\repo\com\fasterxml\classmate\1.4.0\classmate-1.4.0.jar;E:\apache-maven-3.6.0\maven\repo\org\springframework\spring-web\5.1.5.RELEASE\spring-web-5.1.5.RELEASE.jar;E:\apache-maven-3.6.0\maven\repo\org\springframework\spring-beans\5.1.5.RELEASE\spring-beans-5.1.5.RELEASE.jar;E:\apache-maven-3.6.0\maven\repo\org\springframework\spring-webmvc\5.1.5.RELEASE\spring-webmvc-5.1.5.RELEASE.jar;E:\apache-maven-3.6.0\maven\repo\org\springframework\spring-aop\5.1.5.RELEASE\spring-aop-5.1.5.RELEASE.jar;E:\apache-maven-3.6.0\maven\repo\org\springframework\spring-context\5.1.5.RELEASE\spring-context-5.1.5.RELEASE.jar;E:\apache-maven-3.6.0\maven\repo\org\springframework\spring-expression\5.1.5.RELEASE\spring-expression-5.1.5.RELEASE.jar;E:\apache-maven-3.6.0\maven\repo\org\mybatis\spring\boot\mybatis-spring-boot-starter\1.1.1\mybatis-spring-boot-starter-1.1.1.jar;E:\apache-maven-3.6.0\maven\repo\org\mybatis\spring\boot\mybatis-spring-boot-autoconfigure\1.1.1\mybatis-spring-boot-autoconfigure-1.1.1.jar;E:\apache-maven-3.6.0\maven\repo\org\mybatis\mybatis\3.4.0\mybatis-3.4.0.jar;E:\apache-maven-3.6.0\maven\repo\org\mybatis\mybatis-spring\1.3.0\mybatis-spring-1.3.0.jar;E:\apache-maven-3.6.0\maven\repo\org\springframework\boot\spring-boot-starter-jdbc\2.1.3.RELEASE\spring-boot-starter-jdbc-2.1.3.RELEASE.jar;E:\apache-maven-3.6.0\maven\repo\com\zaxxer\HikariCP\3.2.0\HikariCP-3.2.0.jar;E:\apache-maven-3.6.0\maven\repo\org\springframework\spring-jdbc\5.1.5.RELEASE\spring-jdbc-5.1.5.RELEASE.jar;E:\apache-maven-3.6.0\maven\repo\org\springframework\spring-tx\5.1.5.RELEASE\spring-tx-5.1.5.RELEASE.jar;E:\apache-maven-3.6.0\maven\repo\mysql\mysql-connector-java\5.1.47\mysql-connector-java-5.1.47.jar;E:\apache-maven-3.6.0\maven\repo\org\springframework\boot\spring-boot-starter-test\2.1.3.RELEASE\spring-boot-starter-test-2.1.3.RELEASE.jar;E:\apache-maven-3.6.0\maven\repo\org\springframework\boot\spring-boot-test\2.1.3.RELEASE\spring-boot-test-2.1.3.RELEASE.jar;E:\apache-maven-3.6.0\maven\repo\org\springframework\boot\spring-boot-test-autoconfigure\2.1.3.RELEASE\spring-boot-test-autoconfigure-2.1.3.RELEASE.jar;E:\apache-maven-3.6.0\maven\repo\com\jayway\jsonpath\json-path\2.4.0\json-path-2.4.0.jar;E:\apache-maven-3.6.0\maven\repo\net\minidev\json-smart\2.3\json-smart-2.3.jar;E:\apache-maven-3.6.0\maven\repo\net\minidev\accessors-smart\1.2\accessors-smart-1.2.jar;E:\apache-maven-3.6.0\maven\repo\org\ow2\asm\asm\5.0.4\asm-5.0.4.jar;E:\apache-maven-3.6.0\maven\repo\junit\junit\4.12\junit-4.12.jar;E:\apache-maven-3.6.0\maven\repo\org\assertj\assertj-core\3.11.1\assertj-core-3.11.1.jar;E:\apache-maven-3.6.0\maven\repo\org\mockito\mockito-core\2.23.4\mockito-core-2.23.4.jar;E:\apache-maven-3.6.0\maven\repo\net\bytebuddy\byte-buddy\1.9.10\byte-buddy-1.9.10.jar;E:\apache-maven-3.6.0\maven\repo\net\bytebuddy\byte-buddy-agent\1.9.10\byte-buddy-agent-1.9.10.jar;E:\apache-maven-3.6.0\maven\repo\org\objenesis\objenesis\2.6\objenesis-2.6.jar;E:\apache-maven-3.6.0\maven\repo\org\hamcrest\hamcrest-core\1.3\hamcrest-core-1.3.jar;E:\apache-maven-3.6.0\maven\repo\org\hamcrest\hamcrest-library\1.3\hamcrest-library-1.3.jar;E:\apache-maven-3.6.0\maven\repo\org\skyscreamer\jsonassert\1.5.0\jsonassert-1.5.0.jar;E:\apache-maven-3.6.0\maven\repo\com\vaadin\external\google\android-json\0.0.20131108.vaadin1\android-json-0.0.20131108.vaadin1.jar;E:\apache-maven-3.6.0\maven\repo\org\springframework\spring-core\5.1.5.RELEASE\spring-core-5.1.5.RELEASE.jar;E:\apache-maven-3.6.0\maven\repo\org\springframework\spring-jcl\5.1.5.RELEASE\spring-jcl-5.1.5.RELEASE.jar;E:\apache-maven-3.6.0\maven\repo\org\springframework\spring-test\5.1.5.RELEASE\spring-test-5.1.5.RELEASE.jar;E:\apache-maven-3.6.0\maven\repo\org\xmlunit\xmlunit-core\2.6.2\xmlunit-core-2.6.2.jar;E:\apache-maven-3.6.0\maven\repo\org\springframework\boot\spring-boot-starter-log4j\1.3.8.RELEASE\spring-boot-starter-log4j-1.3.8.RELEASE.jar;E:\apache-maven-3.6.0\maven\repo\org\slf4j\jcl-over-slf4j\1.7.25\jcl-over-slf4j-1.7.25.jar;E:\apache-maven-3.6.0\maven\repo\org\slf4j\jul-to-slf4j\1.7.25\jul-to-slf4j-1.7.25.jar;E:\apache-maven-3.6.0\maven\repo\org\slf4j\slf4j-log4j12\1.7.25\slf4j-log4j12-1.7.25.jar;E:\apache-maven-3.6.0\maven\repo\log4j\log4j\1.2.17\log4j-1.2.17.jar;E:\apache-maven-3.6.0\maven\repo\com\alibaba\fastjson\1.1.41\fastjson-1.1.41.jar;E:\apache-maven-3.6.0\maven\repo\org\apache\tomcat\embed\tomcat-embed-jasper\9.0.16\tomcat-embed-jasper-9.0.16.jar;E:\apache-maven-3.6.0\maven\repo\org\apache\tomcat\embed\tomcat-embed-core\9.0.16\tomcat-embed-core-9.0.16.jar;E:\apache-maven-3.6.0\maven\repo\org\apache\tomcat\tomcat-annotations-api\9.0.16\tomcat-annotations-api-9.0.16.jar;E:\apache-maven-3.6.0\maven\repo\org\apache\tomcat\embed\tomcat-embed-el\9.0.16\tomcat-embed-el-9.0.16.jar;E:\apache-maven-3.6.0\maven\repo\org\eclipse\jdt\ecj\3.15.0\ecj-3.15.0.jar;E:\apache-maven-3.6.0\maven\repo\javax\servlet\jstl\1.2\jstl-1.2.jar;E:\apache-maven-3.6.0\maven\repo\com\alibaba\druid\1.0.25\druid-1.0.25.jar;C:\Program Files\Java\jdk1.8.0_131\jre\..\lib\jconsole.jar;C:\Program Files\Java\jdk1.8.0_131\jre\..\lib\tools.jar;E:\apache-maven-3.6.0\maven\repo\org\projectlombok\lombok\1.18.6\lombok-1.18.6.jar;E:\apache-maven-3.6.0\maven\repo\org\springframework\boot\spring-boot-devtools\2.1.3.RELEASE\spring-boot-devtools-2.1.3.RELEASE.jar;E:\apache-maven-3.6.0\maven\repo\org\springframework\boot\spring-boot\2.1.3.RELEASE\spring-boot-2.1.3.RELEASE.jar;E:\apache-maven-3.6.0\maven\repo\org\springframework\boot\spring-boot-autoconfigure\2.1.3.RELEASE\spring-boot-autoconfigure-2.1.3.RELEASE.jar;"/>
    <property name="sun.cpu.endian" value="little"/>
    <property name="user.home" value="C:\Users\john"/>
    <property name="user.language" value="zh"/>
    <property name="java.specification.vendor" value="Oracle Corporation"/>
    <property name="java.home" value="C:\Program Files\Java\jdk1.8.0_131\jre"/>
    <property name="basedir" value="D:\School\springboot2.0\springboot_vue"/>
    <property name="file.separator" value="\"/>
    <property name="line.separator" value="&#10;"/>
    <property name="java.vm.specification.vendor" value="Oracle Corporation"/>
    <property name="java.specification.name" value="Java Platform API Specification"/>
    <property name="java.awt.graphicsenv" value="sun.awt.Win32GraphicsEnvironment"/>
    <property name="surefire.real.class.path" value="C:\Users\john\AppData\Local\Temp\surefire9076908215865052262\surefirebooter7429553638005894681.jar"/>
    <property name="sun.boot.class.path" value="C:\Program Files\Java\jdk1.8.0_131\jre\lib\resources.jar;C:\Program Files\Java\jdk1.8.0_131\jre\lib\rt.jar;C:\Program Files\Java\jdk1.8.0_131\jre\lib\sunrsasign.jar;C:\Program Files\Java\jdk1.8.0_131\jre\lib\jsse.jar;C:\Program Files\Java\jdk1.8.0_131\jre\lib\jce.jar;C:\Program Files\Java\jdk1.8.0_131\jre\lib\charsets.jar;C:\Program Files\Java\jdk1.8.0_131\jre\lib\jfr.jar;C:\Program Files\Java\jdk1.8.0_131\jre\classes"/>
    <property name="user.script" value=""/>
    <property name="sun.management.compiler" value="HotSpot 64-Bit Tiered Compilers"/>
    <property name="java.runtime.version" value="1.8.0_131-b11"/>
    <property name="user.name" value="john"/>
    <property name="path.separator" value=";"/>
    <property name="os.version" value="10.0"/>
    <property name="java.endorsed.dirs" value="C:\Program Files\Java\jdk1.8.0_131\jre\lib\endorsed"/>
    <property name="java.runtime.name" value="Java(TM) SE Runtime Environment"/>
    <property name="file.encoding" value="GBK"/>
    <property name="java.vm.name" value="Java HotSpot(TM) 64-Bit Server VM"/>
    <property name="localRepository" value="E:\apache-maven-3.6.0\maven\repo"/>
    <property name="java.vendor.url.bug" value="http://bugreport.sun.com/bugreport/"/>
    <property name="java.io.tmpdir" value="C:\Users\john\AppData\Local\Temp\"/>
    <property name="idea.version" value="2018.2.5"/>
    <property name="java.version" value="1.8.0_131"/>
    <property name="user.dir" value="D:\School\springboot2.0\springboot_vue"/>
    <property name="os.arch" value="amd64"/>
    <property name="java.vm.specification.name" value="Java Virtual Machine Specification"/>
    <property name="java.awt.printerjob" value="sun.awt.windows.WPrinterJob"/>
    <property name="sun.os.patch.level" value=""/>
    <property name="java.library.path" value="C:\Program Files\Java\jdk1.8.0_131\jre\bin;C:\WINDOWS\Sun\Java\bin;C:\WINDOWS\system32;C:\WINDOWS;C:\app\john\product\11.2.0\dbhome_1\bin;C:\ProgramData\Oracle\Java\javapath;C:\WINDOWS\system32;C:\WINDOWS;C:\WINDOWS\System32\Wbem;C:\WINDOWS\System32\WindowsPowerShell\v1.0\;C:\Program Files (x86)\Microsoft SQL Server\120\DTS\Binn\;C:\Program Files (x86)\Microsoft SQL Server\Client SDK\ODBC\110\Tools\Binn\;C:\Program Files (x86)\Microsoft SQL Server\120\Tools\Binn\;C:\Program Files (x86)\Microsoft SQL Server\120\Tools\Binn\ManagementStudio\;E:\例子\java\java安装文件\bin;C:\WI;DOWS\System32\OpenSSH\;C:\Program Files\Java\jdk1.8.0_131;?C:\app\john\product\instantclient_10_2;C:\Program Files (x86)\MySQL\MySQL Server 5.1\bin;E:\SVN\bin;E:\git\bin;E:\apache-maven-3.6.0\bin;%M2_HOME%\bin;E:\apache-maven-3.6.0\bin;C:\Program Files (x86)\NoteBook FanControl\;D:\百度云\redis\redis;C:\Users\john\AppData\Local\Microsoft\WindowsApps;."/>
    <property name="java.vm.info" value="mixed mode"/>
    <property name="java.vendor" value="Oracle Corporation"/>
    <property name="java.vm.version" value="25.131-b11"/>
    <property name="java.ext.dirs" value="C:\Program Files\Java\jdk1.8.0_131\jre\lib\ext;C:\WINDOWS\Sun\Java\lib\ext"/>
    <property name="sun.io.unicode.encoding" value="UnicodeLittle"/>
    <property name="java.class.version" value="52.0"/>
  </properties>
  <testcase name="contextLoads" classname="com.ht.springboot_vue.SpringbootVueApplicationTests" time="0.188"/>
</testsuite>